<?xml version="1.0" encoding="UTF-8"?>
<testng-results ignored="0" total="1" passed="1" failed="0" skipped="0">
  <reporter-output>
  </reporter-output>
  <suite started-at="2022-02-16T10:09:51 IST" name="Suite" finished-at="2022-02-16T10:09:55 IST" duration-ms="3931">
    <groups>
    </groups>
    <test started-at="2022-02-16T10:09:51 IST" name="Test" finished-at="2022-02-16T10:09:55 IST" duration-ms="3931">
      <class name="com.selenium.test.TestLogin">
        <test-method is-config="true" signature="beforeClass()[pri:0, instance:com.selenium.test.TestLogin@6a84a97d]" started-at="2022-02-16T10:09:51 IST" name="beforeClass" finished-at="2022-02-16T10:09:51 IST" duration-ms="11" status="PASS">
          <reporter-output>
          </reporter-output>
        </test-method> <!-- beforeClass -->
        <test-method is-config="true" signature="beforeMethod()[pri:0, instance:com.selenium.test.TestLogin@6a84a97d]" started-at="2022-02-16T10:09:51 IST" name="beforeMethod" finished-at="2022-02-16T10:09:53 IST" duration-ms="2008" status="PASS">
          <reporter-output>
          </reporter-output>
        </test-method> <!-- beforeMethod -->
        <test-method signature="TestLogin(java.lang.String,java.lang.String,java.lang.String)[pri:0, instance:com.selenium.test.TestLogin@6a84a97d]" started-at="2022-02-16T10:09:53 IST" name="TestLogin" data-provider="LoginData" finished-at="2022-02-16T10:09:54 IST" duration-ms="1469" status="PASS">
          <params>
            <param index="0">
              <value>
                <![CDATA[user@user.com]]>
              </value>
            </param>
            <param index="1">
              <value>
                <![CDATA[user]]>
              </value>
            </param>
            <param index="2">
              <value>
                <![CDATA[Login Pass]]>
              </value>
            </param>
          </params>
          <reporter-output>
          </reporter-output>
        </test-method> <!-- TestLogin -->
        <test-method is-config="true" signature="afterMethod()[pri:0, instance:com.selenium.test.TestLogin@6a84a97d]" started-at="2022-02-16T10:09:54 IST" name="afterMethod" finished-at="2022-02-16T10:09:55 IST" duration-ms="405" status="PASS">
          <reporter-output>
          </reporter-output>
        </test-method> <!-- afterMethod -->
        <test-method is-config="true" signature="afterClass()[pri:0, instance:com.selenium.test.TestLogin@6a84a97d]" started-at="2022-02-16T10:09:55 IST" name="afterClass" finished-at="2022-02-16T10:09:55 IST" duration-ms="0" status="PASS">
          <reporter-output>
          </reporter-output>
        </test-method> <!-- afterClass -->
      </class> <!-- com.selenium.test.TestLogin -->
    </test> <!-- Test -->
  </suite> <!-- Suite -->
</testng-results>
