<?xml version="1.0" encoding="UTF-8"?>
<testng-results ignored="0" total="1" passed="1" failed="0" skipped="0">
  <reporter-output>
  </reporter-output>
  <suite started-at="2022-02-16T10:05:43 IST" name="Default suite" finished-at="2022-02-16T10:05:49 IST" duration-ms="5718">
    <groups>
    </groups>
    <test started-at="2022-02-16T10:05:43 IST" name="Default test" finished-at="2022-02-16T10:05:49 IST" duration-ms="5718">
      <class name="com.selenium.test.TestLogin">
        <test-method is-config="true" signature="beforeClass()[pri:0, instance:com.selenium.test.TestLogin@3e84448c]" started-at="2022-02-16T10:05:43 IST" name="beforeClass" finished-at="2022-02-16T10:05:44 IST" duration-ms="11" status="PASS">
          <reporter-output>
          </reporter-output>
        </test-method> <!-- beforeClass -->
        <test-method is-config="true" signature="beforeMethod()[pri:0, instance:com.selenium.test.TestLogin@3e84448c]" started-at="2022-02-16T10:05:44 IST" name="beforeMethod" finished-at="2022-02-16T10:05:45 IST" duration-ms="1545" status="PASS">
          <reporter-output>
          </reporter-output>
        </test-method> <!-- beforeMethod -->
        <test-method signature="TestLogin(java.lang.String,java.lang.String,java.lang.String)[pri:0, instance:com.selenium.test.TestLogin@3e84448c]" started-at="2022-02-16T10:05:45 IST" name="TestLogin" data-provider="LoginData" finished-at="2022-02-16T10:05:49 IST" duration-ms="3516" status="PASS">
          <params>
            <param index="0">
              <value>
                <![CDATA[user@user.com]]>
              </value>
            </param>
            <param index="1">
              <value>
                <![CDATA[user]]>
              </value>
            </param>
            <param index="2">
              <value>
                <![CDATA[Login Pass]]>
              </value>
            </param>
          </params>
          <reporter-output>
          </reporter-output>
        </test-method> <!-- TestLogin -->
        <test-method is-config="true" signature="afterMethod()[pri:0, instance:com.selenium.test.TestLogin@3e84448c]" started-at="2022-02-16T10:05:49 IST" name="afterMethod" finished-at="2022-02-16T10:05:49 IST" duration-ms="605" status="PASS">
          <reporter-output>
          </reporter-output>
        </test-method> <!-- afterMethod -->
        <test-method is-config="true" signature="afterClass()[pri:0, instance:com.selenium.test.TestLogin@3e84448c]" started-at="2022-02-16T10:05:49 IST" name="afterClass" finished-at="2022-02-16T10:05:49 IST" duration-ms="1" status="PASS">
          <reporter-output>
          </reporter-output>
        </test-method> <!-- afterClass -->
      </class> <!-- com.selenium.test.TestLogin -->
    </test> <!-- Default test -->
  </suite> <!-- Default suite -->
</testng-results>
